<?xml version="1.0" encoding="UTF-8"?>
<testsuite xmlns:xsi="http://www.w3.org/2001/XMLSchema-instance" xsi:noNamespaceSchemaLocation="https://maven.apache.org/surefire/maven-surefire-plugin/xsd/surefire-test-report.xsd" name="cl.mauriciovera.service.PaymentProcesorTest" time="0.648" tests="7" errors="0" skipped="0" failures="0">
  <properties>
    <property name="java.specification.version" value="17"/>
    <property name="sun.cpu.isalist" value="amd64"/>
    <property name="sun.jnu.encoding" value="Cp1252"/>
    <property name="java.class.path" value="C:\Users\mvera\OneDrive\Escritorio\sin-tdd\mockito\target\test-classes;C:\Users\mvera\OneDrive\Escritorio\sin-tdd\mockito\target\classes;C:\Users\mvera\.m2\repository\org\junit\jupiter\junit-jupiter\5.8.2\junit-jupiter-5.8.2.jar;C:\Users\mvera\.m2\repository\org\junit\jupiter\junit-jupiter-api\5.8.2\junit-jupiter-api-5.8.2.jar;C:\Users\mvera\.m2\repository\org\opentest4j\opentest4j\1.2.0\opentest4j-1.2.0.jar;C:\Users\mvera\.m2\repository\org\junit\platform\junit-platform-commons\1.8.2\junit-platform-commons-1.8.2.jar;C:\Users\mvera\.m2\repository\org\apiguardian\apiguardian-api\1.1.2\apiguardian-api-1.1.2.jar;C:\Users\mvera\.m2\repository\org\junit\jupiter\junit-jupiter-params\5.8.2\junit-jupiter-params-5.8.2.jar;C:\Users\mvera\.m2\repository\org\junit\jupiter\junit-jupiter-engine\5.8.2\junit-jupiter-engine-5.8.2.jar;C:\Users\mvera\.m2\repository\org\junit\platform\junit-platform-engine\1.8.2\junit-platform-engine-1.8.2.jar;C:\Users\mvera\.m2\repository\org\mockito\mockito-core\4.11.0\mockito-core-4.11.0.jar;C:\Users\mvera\.m2\repository\net\bytebuddy\byte-buddy\1.12.19\byte-buddy-1.12.19.jar;C:\Users\mvera\.m2\repository\net\bytebuddy\byte-buddy-agent\1.12.19\byte-buddy-agent-1.12.19.jar;C:\Users\mvera\.m2\repository\org\objenesis\objenesis\3.3\objenesis-3.3.jar;C:\Users\mvera\.m2\repository\org\mockito\mockito-junit-jupiter\4.11.0\mockito-junit-jupiter-4.11.0.jar;"/>
    <property name="java.vm.vendor" value="Amazon.com Inc."/>
    <property name="sun.arch.data.model" value="64"/>
    <property name="user.variant" value=""/>
    <property name="java.vendor.url" value="https://aws.amazon.com/corretto/"/>
    <property name="user.timezone" value="America/Santiago"/>
    <property name="os.name" value="Windows 11"/>
    <property name="java.vm.specification.version" value="17"/>
    <property name="sun.java.launcher" value="SUN_STANDARD"/>
    <property name="user.country" value="ES"/>
    <property name="sun.boot.library.path" value="C:\Program Files\Amazon Corretto\jdk17.0.14_7\bin"/>
    <property name="sun.java.command" value="C:\Users\mvera\AppData\Local\Temp\surefire631733613113606999\surefirebooter6326344599302062965.jar C:\Users\mvera\AppData\Local\Temp\surefire631733613113606999 2025-07-11T16-03-34_601-jvmRun1 surefire125823410144563477tmp surefire_02300251688450150484tmp"/>
    <property name="jdk.debug" value="release"/>
    <property name="surefire.test.class.path" value="C:\Users\mvera\OneDrive\Escritorio\sin-tdd\mockito\target\test-classes;C:\Users\mvera\OneDrive\Escritorio\sin-tdd\mockito\target\classes;C:\Users\mvera\.m2\repository\org\junit\jupiter\junit-jupiter\5.8.2\junit-jupiter-5.8.2.jar;C:\Users\mvera\.m2\repository\org\junit\jupiter\junit-jupiter-api\5.8.2\junit-jupiter-api-5.8.2.jar;C:\Users\mvera\.m2\repository\org\opentest4j\opentest4j\1.2.0\opentest4j-1.2.0.jar;C:\Users\mvera\.m2\repository\org\junit\platform\junit-platform-commons\1.8.2\junit-platform-commons-1.8.2.jar;C:\Users\mvera\.m2\repository\org\apiguardian\apiguardian-api\1.1.2\apiguardian-api-1.1.2.jar;C:\Users\mvera\.m2\repository\org\junit\jupiter\junit-jupiter-params\5.8.2\junit-jupiter-params-5.8.2.jar;C:\Users\mvera\.m2\repository\org\junit\jupiter\junit-jupiter-engine\5.8.2\junit-jupiter-engine-5.8.2.jar;C:\Users\mvera\.m2\repository\org\junit\platform\junit-platform-engine\1.8.2\junit-platform-engine-1.8.2.jar;C:\Users\mvera\.m2\repository\org\mockito\mockito-core\4.11.0\mockito-core-4.11.0.jar;C:\Users\mvera\.m2\repository\net\bytebuddy\byte-buddy\1.12.19\byte-buddy-1.12.19.jar;C:\Users\mvera\.m2\repository\net\bytebuddy\byte-buddy-agent\1.12.19\byte-buddy-agent-1.12.19.jar;C:\Users\mvera\.m2\repository\org\objenesis\objenesis\3.3\objenesis-3.3.jar;C:\Users\mvera\.m2\repository\org\mockito\mockito-junit-jupiter\4.11.0\mockito-junit-jupiter-4.11.0.jar;"/>
    <property name="sun.cpu.endian" value="little"/>
    <property name="user.home" value="C:\Users\mvera"/>
    <property name="user.language" value="es"/>
    <property name="java.specification.vendor" value="Oracle Corporation"/>
    <property name="java.version.date" value="2025-01-21"/>
    <property name="java.home" value="C:\Program Files\Amazon Corretto\jdk17.0.14_7"/>
    <property name="file.separator" value="\"/>
    <property name="basedir" value="C:\Users\mvera\OneDrive\Escritorio\sin-tdd\mockito"/>
    <property name="java.vm.compressedOopsMode" value="Zero based"/>
    <property name="line.separator" value="&#10;"/>
    <property name="java.vm.specification.vendor" value="Oracle Corporation"/>
    <property name="java.specification.name" value="Java Platform API Specification"/>
    <property name="surefire.real.class.path" value="C:\Users\mvera\AppData\Local\Temp\surefire631733613113606999\surefirebooter6326344599302062965.jar"/>
    <property name="user.script" value=""/>
    <property name="sun.management.compiler" value="HotSpot 64-Bit Tiered Compilers"/>
    <property name="java.runtime.version" value="17.0.14+7-LTS"/>
    <property name="user.name" value="mvera"/>
    <property name="path.separator" value=";"/>
    <property name="os.version" value="10.0"/>
    <property name="java.runtime.name" value="OpenJDK Runtime Environment"/>
    <property name="file.encoding" value="Cp1252"/>
    <property name="java.vm.name" value="OpenJDK 64-Bit Server VM"/>
    <property name="java.vendor.version" value="Corretto-17.0.14.7.1"/>
    <property name="localRepository" value="C:\Users\mvera\.m2\repository"/>
    <property name="java.vendor.url.bug" value="https://github.com/corretto/corretto-17/issues/"/>
    <property name="java.io.tmpdir" value="C:\Users\mvera\AppData\Local\Temp\"/>
    <property name="java.version" value="17.0.14"/>
    <property name="user.dir" value="C:\Users\mvera\OneDrive\Escritorio\sin-tdd\mockito"/>
    <property name="os.arch" value="amd64"/>
    <property name="java.vm.specification.name" value="Java Virtual Machine Specification"/>
    <property name="sun.os.patch.level" value=""/>
    <property name="native.encoding" value="Cp1252"/>
    <property name="java.library.path" value="C:\Program Files\Amazon Corretto\jdk17.0.14_7\bin;C:\WINDOWS\Sun\Java\bin;C:\WINDOWS\system32;C:\WINDOWS;C:\Users\mvera\bin;C:\Program Files\Git\mingw64\bin;C:\Program Files\Git\usr\local\bin;C:\Program Files\Git\usr\bin;C:\Program Files\Git\usr\bin;C:\Program Files\Git\mingw64\bin;C:\Program Files\Git\usr\bin;C:\Users\mvera\bin;C:\Python313\Scripts;C:\Python313;C:\Program Files\Amazon Corretto\jdk17.0.14_7\bin;C:\WINDOWS\system32;C:\WINDOWS;C:\WINDOWS\System32\Wbem;C:\WINDOWS\System32\WindowsPowerShell\v1.0;C:\WINDOWS\System32\OpenSSH;C:\Program Files\Git\cmd;C:\ProgramData\chocolatey\bin;C:\Program Files\Amazon Corretto\jdk17.0.14_7\bin;C:\Program Files\nodejs;C:\Program Files\dotnet;C:\Gradle\gradle-8.12-all\gradle-8.12\bin;C:\Program Files\Docker\Docker\resources\bin;C:\Users\mvera\AppData\Local\Android\Sdk\cmake\3.22.1\bin;C:\Program Files\Amazon Corretto\jdk17.0.14_7\bin;C:\Users\mvera\AppData\Roaming\npm;C:\Users\mvera\.dotnet\tools;C:\Users\mvera\AppData\Local\Android\Sdk\platform-tools;C:\Users\mvera\AppData\Local\Android\Sdk\tools;C:\Users\mvera\AppData\Local\Android\Sdk\platform-tools;C:\Users\mvera\AppData\Local\Android\Sdk\tools;C:\Users\mvera\AppData\Local\Programs\Microsoft VS Code\bin;C:\Program Files\JetBrains\IntelliJ IDEA Community Edition 2023.3.2\bin;C:\Program Files\JetBrains\PyCharm 2025.1\bin;C:\Program Files\JetBrains\PyCharm Community Edition 2025.1\bin;C:\Users\mvera\AppData\Local\Programs\Ollama;C:\Users\mvera\AppData\Roaming\Python\Python313\Scripts;C:\maven\bin;C:\Users\mvera\AppData\Roaming\Code\User\globalStorage\github.copilot-chat\debugCommand;C:\Program Files\Git\usr\bin\vendor_perl;C:\Program Files\Git\usr\bin\core_perl;."/>
    <property name="java.vm.info" value="mixed mode, sharing"/>
    <property name="java.vendor" value="Amazon.com Inc."/>
    <property name="java.vm.version" value="17.0.14+7-LTS"/>
    <property name="java.specification.maintenance.version" value="1"/>
    <property name="sun.io.unicode.encoding" value="UnicodeLittle"/>
    <property name="java.class.version" value="61.0"/>
  </properties>
  <testcase name="testProcessPayment_InvalidAmount" classname="cl.mauriciovera.service.PaymentProcesorTest" time="0.587"/>
  <testcase name="testProcessPayment_CreditCardSuccess" classname="cl.mauriciovera.service.PaymentProcesorTest" time="0.034"/>
  <testcase name="testGetPaymentHistory_ReturnsInjectedInstance" classname="cl.mauriciovera.service.PaymentProcesorTest" time="0.001"/>
  <testcase name="testProcessPayment_BankTransferSuccess" classname="cl.mauriciovera.service.PaymentProcesorTest" time="0.002"/>
  <testcase name="testProcessPayment_UnknownMethod" classname="cl.mauriciovera.service.PaymentProcesorTest" time="0.002"/>
  <testcase name="testProcessPayment_ShouldNotAddPaymentWhenResultIsFalse" classname="cl.mauriciovera.service.PaymentProcesorTest" time="0.001"/>
  <testcase name="testProcessPayment_InvalidUser" classname="cl.mauriciovera.service.PaymentProcesorTest" time="0.001"/>
</testsuite>